<?xml version="1.0" encoding="UTF-8"?>
<Site BuildName="Linux-g++"
	BuildStamp="20201207-0148-Experimental"
	Name="localhost.localdomain"
	Generator="ctest-3.19.1"
	CompilerName="/usr/bin/g++"
	CompilerVersion="4.8.5"
	OSName="Linux"
	Hostname="localhost.localdomain"
	OSRelease="3.10.0-693.el7.x86_64"
	OSVersion="#1 SMP Tue Aug 22 21:09:27 UTC 2017"
	OSPlatform="x86_64"
	Is64Bits="1"
	VendorString="GenuineIntel"
	VendorID="Intel Corporation"
	FamilyID="6"
	ModelID="158"
	ProcessorCacheSize="9216"
	NumberOfLogicalCPU="1"
	NumberOfPhysicalCPU="1"
	TotalVirtualMemory="2047"
	TotalPhysicalMemory="976"
	LogicalProcessorsPerPhysical="1"
	ProcessorClockFrequency="2903"
	>
	<Testing>
		<StartDateTime>Dec 06 17:48 PST</StartDateTime>
		<StartTestTime>1607305724</StartTestTime>
		<TestList/>
		<EndDateTime>Dec 06 17:48 PST</EndDateTime>
		<EndTestTime>1607305724</EndTestTime>
		<ElapsedMinutes>0</ElapsedMinutes>
	</Testing>
</Site>
